Started GET "/" for 127.0.0.1 at 2018-05-08 12:34:09 +0300
  [1m[35m (15.0ms)[0m  [1m[34mSELECT SYS_CONTEXT('userenv', 'current_schema') FROM dual[0m
  [1m[35m (16.0ms)[0m  [1m[34mSELECT cols.column_name AS name, cols.data_type AS sql_type, cols.data_default, cols.nullable, cols.virtual_column, cols.hidden_column, cols.data_type_owner AS sql_type_owner, DECODE(cols.data_type, 'NUMBER', data_precision, 'FLOAT', data_precision, 'VARCHAR2', DECODE(char_used, 'C', char_length, data_length), 'RAW', DECODE(char_used, 'C', char_length, data_length), 'CHAR', DECODE(char_used, 'C', char_length, data_length), NULL) AS limit, DECODE(data_type, 'NUMBER', data_scale, NULL) AS scale, comments.comments as column_comment FROM all_tab_cols cols, all_col_comments comments WHERE cols.owner = 'INTEGRATIONTOOLS_DEV' AND cols.table_name = 'SCHEMA_MIGRATIONS' AND cols.hidden_column = 'NO' AND cols.owner = comments.owner AND cols.table_name = comments.table_name AND cols.column_name = comments.column_name ORDER BY cols.column_id[0m
  [1m[35m (0.0ms)[0m  [1m[34mSELECT "SCHEMA_MIGRATIONS"."VERSION" FROM "SCHEMA_MIGRATIONS" ORDER BY "SCHEMA_MIGRATIONS"."VERSION" ASC[0m
Processing by MainPageController#index as HTML
  Rendering main_page/index.html.erb within layouts/application
  [1m[35m (16.0ms)[0m  [1m[34mSELECT cols.column_name AS name, cols.data_type AS sql_type, cols.data_default, cols.nullable, cols.virtual_column, cols.hidden_column, cols.data_type_owner AS sql_type_owner, DECODE(cols.data_type, 'NUMBER', data_precision, 'FLOAT', data_precision, 'VARCHAR2', DECODE(char_used, 'C', char_length, data_length), 'RAW', DECODE(char_used, 'C', char_length, data_length), 'CHAR', DECODE(char_used, 'C', char_length, data_length), NULL) AS limit, DECODE(data_type, 'NUMBER', data_scale, NULL) AS scale, comments.comments as column_comment FROM all_tab_cols cols, all_col_comments comments WHERE cols.owner = 'INTEGRATIONTOOLS_DEV' AND cols.table_name = 'XMLS' AND cols.hidden_column = 'NO' AND cols.owner = comments.owner AND cols.table_name = comments.table_name AND cols.column_name = comments.column_name ORDER BY cols.column_id[0m
  [1m[35m (0.0ms)[0m  [1m[34mSELECT COUNT(*) FROM "XMLS"[0m
  [1m[35m (62.0ms)[0m  [1m[34mSELECT cols.column_name AS name, cols.data_type AS sql_type, cols.data_default, cols.nullable, cols.virtual_column, cols.hidden_column, cols.data_type_owner AS sql_type_owner, DECODE(cols.data_type, 'NUMBER', data_precision, 'FLOAT', data_precision, 'VARCHAR2', DECODE(char_used, 'C', char_length, data_length), 'RAW', DECODE(char_used, 'C', char_length, data_length), 'CHAR', DECODE(char_used, 'C', char_length, data_length), NULL) AS limit, DECODE(data_type, 'NUMBER', data_scale, NULL) AS scale, comments.comments as column_comment FROM all_tab_cols cols, all_col_comments comments WHERE cols.owner = 'INTEGRATIONTOOLS_DEV' AND cols.table_name = 'SIMPLE_TESTS' AND cols.hidden_column = 'NO' AND cols.owner = comments.owner AND cols.table_name = comments.table_name AND cols.column_name = comments.column_name ORDER BY cols.column_id[0m
  [1m[35m (0.0ms)[0m  [1m[34mSELECT COUNT(*) FROM "SIMPLE_TESTS"[0m
  [1m[35m (78.0ms)[0m  [1m[34mSELECT cols.column_name AS name, cols.data_type AS sql_type, cols.data_default, cols.nullable, cols.virtual_column, cols.hidden_column, cols.data_type_owner AS sql_type_owner, DECODE(cols.data_type, 'NUMBER', data_precision, 'FLOAT', data_precision, 'VARCHAR2', DECODE(char_used, 'C', char_length, data_length), 'RAW', DECODE(char_used, 'C', char_length, data_length), 'CHAR', DECODE(char_used, 'C', char_length, data_length), NULL) AS limit, DECODE(data_type, 'NUMBER', data_scale, NULL) AS scale, comments.comments as column_comment FROM all_tab_cols cols, all_col_comments comments WHERE cols.owner = 'INTEGRATIONTOOLS_DEV' AND cols.table_name = 'USERS' AND cols.hidden_column = 'NO' AND cols.owner = comments.owner AND cols.table_name = comments.table_name AND cols.column_name = comments.column_name ORDER BY cols.column_id[0m
  [1m[35m (15.0ms)[0m  [1m[34mSELECT COUNT(*) FROM "USERS"[0m
  [1m[36mUser Load (31.0ms)[0m  [1m[34mSELECT * FROM (SELECT  "USERS".* FROM "USERS" ORDER BY "USERS"."CREATED_AT" DESC ) WHERE ROWNUM <= :a1[0m  [["LIMIT", 1]]
  [1m[35m (0.0ms)[0m  [1m[34mSELECT LOWER(view_name) FROM all_views WHERE owner = SYS_CONTEXT('userenv', 'current_schema')[0m
  [1m[36mSequence (15.0ms)[0m  [1m[34mselect us.sequence_name from all_sequences us where us.sequence_owner = 'INTEGRATIONTOOLS_DEV' and us.sequence_name = upper('USERS_seq')[0m
  [1m[36mPrimary Key (0.0ms)[0m  [1m[34mSELECT cc.column_name FROM all_constraints c, all_cons_columns cc WHERE c.owner = 'INTEGRATIONTOOLS_DEV' AND c.table_name = 'USERS' AND c.constraint_type = 'P' AND cc.owner = c.owner AND cc.constraint_name = c.constraint_name[0m
  Rendered layouts/_faq_main.erb (30607.0ms)
  Rendered layouts/_faq_save_category.erb (15.0ms)
  Rendered layouts/_faq_save_xml.erb (16.0ms)
  Rendered layouts/_faq_save_manager.erb (16.0ms)
  Rendered layouts/_faq_simple_test.erb (16.0ms)
  Rendered layouts/_faq_run_simple_test.erb (15.0ms)
  Rendered layouts/_faq_run_tir_autotests.erb (16.0ms)
  Rendered layouts/_faq_run_egg_autotests.erb (15.0ms)
  Rendered main_page/index.html.erb within layouts/application (31980.0ms)
  Rendered layouts/_ie9.html.erb (0.0ms)
  Rendered layouts/_header.html.erb (15.0ms)
  Rendered layouts/_left_menu.html.erb (63.0ms)
Completed 200 OK in 33636ms (Views: 33349.7ms | ActiveRecord: 295.0ms)


